c* 3298471 Agregando 2 parrafos
*   aef3bfc Resolviendo conflicto en estaciones del anio y fecha de inicio
|\  
| * 28b95ec agregando las estaciones del anio
* | 066daed Agregando estaciones del anio con fecha de inicio
|/  
*   be12bb2 conflicto resuelto merge html
|\  
| * 6459726 Agregando index js al index html
* | 30f0e6b agregando style.css al index.html
|/  
*   523f336 Merge branch 'js'
|\  
| * 326371f creando index.js
* | 08ccc03 creando style.css
* | 8d2b7e2 creando index.html
|/  
* 1a39048 update gitignore
* 862f9d8 creando licencia del repositorio
* 3ae8d74 update readme
* 94bcdf0 edit readme
* 7bca520 Mi primer commit
